\BOOKMARK [1][-]{section.1}{\376\377\116\247\124\301\214\003\170\024}{}% 1
\BOOKMARK [2][-]{subsection.1.1}{\376\377\124\057\146\172\000R\000O\000S\147\072\126\150\116\272}{section.1}% 2
\BOOKMARK [3][-]{subsubsection.1.1.1}{\376\377\170\154\116\366\221\115\177\156}{subsection.1.1}% 3
\BOOKMARK [3][-]{subsubsection.1.1.2}{\376\377\217\157\116\366\221\115\177\156}{subsection.1.1}% 4
\BOOKMARK [1][-]{section.2}{\376\377\123\357\211\306\123\026\177\026\172\013\213\355\212\000}{}% 5
\BOOKMARK [2][-]{subsection.2.1}{\376\377\123\357\211\306\123\026\177\026\172\013\213\355\212\000\133\232\116\111}{section.2}% 6
\BOOKMARK [2][-]{subsection.2.2}{\376\377\123\357\211\306\123\026\177\026\172\013\213\355\212\000\127\050\147\072\126\150\116\272\137\000\123\321\116\055\166\204\141\017\116\111}{section.2}% 7
\BOOKMARK [2][-]{subsection.2.3}{\376\377\123\357\211\306\123\026\177\026\172\013\213\355\212\000\127\050\147\072\126\150\116\272\137\000\123\321\116\055\166\204\136\224\165\050}{section.2}% 8
\BOOKMARK [2][-]{subsection.2.4}{\376\377\230\204\147\037\145\110\147\234}{section.2}% 9
\BOOKMARK [1][-]{section.3}{\376\377\165\065\215\357\150\106\126\376\000\040\000\046\000\040\165\065\156\220\173\241\164\006\165\065\215\357\000\040\000\046\000\040\145\160\133\127\174\373\176\337\155\101\172\013\126\376}{}% 10
\BOOKMARK [2][-]{subsection.3.1}{\376\377\166\356\166\204}{section.3}% 11
\BOOKMARK [2][-]{subsection.3.2}{\376\377\140\047\200\375\143\007\150\007}{section.3}% 12
\BOOKMARK [2][-]{subsection.3.3}{\376\377\122\006\174\173}{section.3}% 13
\BOOKMARK [2][-]{subsection.3.4}{\376\377\000W\000E\000B\000E\000N\000C\000H\116\377\167\037}{section.3}% 14
\BOOKMARK [2][-]{subsection.3.5}{\376\377\145\160\133\127\174\373\176\337\155\101\172\013\126\376}{section.3}% 15
\BOOKMARK [1][-]{section.4}{\376\377\147\072\150\260\201\302\214\003\170\024}{}% 16
\BOOKMARK [2][-]{subsection.4.1}{\376\377\136\224\165\050\163\260\162\266\123\312\122\237\200\375\227\000\154\102}{section.4}% 17
\BOOKMARK [2][-]{subsection.4.2}{\376\377\121\155\217\164\147\072\150\260\201\302\173\200\116\313}{section.4}% 18
\BOOKMARK [2][-]{subsection.4.3}{\376\377\147\072\150\260\201\302\213\276\213\241\145\271\150\110}{section.4}% 19
\BOOKMARK [1][-]{section.5}{\376\377\136\224\165\050\143\242\175\042}{}% 20
\BOOKMARK [2][-]{subsection.5.1}{\376\377\231\020\123\205\147\015\122\241\147\072\126\150\116\272}{section.5}% 21
\BOOKMARK [3][-]{subsubsection.5.1.1}{\376\377\136\224\165\050\163\260\162\266\123\312\122\237\200\375\227\000\154\102}{subsection.5.1}% 22
\BOOKMARK [3][-]{subsubsection.5.1.2}{\376\377\122\237\200\375\213\276\213\241}{subsection.5.1}% 23
\BOOKMARK [2][-]{subsection.5.2}{\376\377\155\113\156\051\147\072\126\150\116\272}{section.5}% 24
\BOOKMARK [3][-]{subsubsection.5.2.1}{\376\377\200\314\146\157\116\313\176\315}{subsection.5.2}% 25
\BOOKMARK [3][-]{subsubsection.5.2.2}{\376\377\122\237\200\375\213\276\213\241}{subsection.5.2}% 26
